-------------------------------------------------------------------------------
Test set: com.automation.runners.TestRunner
-------------------------------------------------------------------------------
Tests run: 2, Failures: 1, Errors: 0, Skipped: 0, Time elapsed: 12.614 s <<< FAILURE! - in com.automation.runners.TestRunner
runScenario(com.automation.runners.TestRunner)  Time elapsed: 6.81 s  <<< FAILURE!
java.lang.AssertionError: expected [true] but found [false]

